/*
************************************************************
* COMPILERS COURSE - Algonquin College
* Code version: Fall, 2023
* Author: Yijia Xu 041061204
* Professors: Paulo Sousa
************************************************************
=---------------------------------------=
|  COMPILERS - ALGONQUIN COLLEGE (F23)  |
=---------------------------------------=

_|          _|_|    _|      _|    _|_|
_|        _|    _|  _|_|    _|  _|    _|
_|        _|_|_|_|  _|  _|  _|  _|_|_|_|
_|        _|    _|  _|    _|_|  _|    _|
_|_|_|_|  _|    _|  _|      _|  _|    _|
*/

[Option 'r': Starting READER .....]

Reading file INPUT3_Factorial.lan ....Please wait
The input file INPUT3_Factorial.lan has not been completely loaded.
Current size of buffer: 250.
Last character read from the input file is: o 111
Input file size: 300

Printing buffer parameters:

The capacity of the buffer is:  250
The current size of the buffer is:  250
The operational mode of the buffer is: f
The increment factor of the buffer is:  0
The first symbol in the buffer is:  /
The value of the flags field is: 00
Reader statistics : 
B['
']=12, B[' ']=91, B['"']=3, B['(']=6, B[')']=5, B['*']=3, B['+']=1, B[',']=2, B['/']=2, B['1']=3, B['4']=1, B[':']=3, B[';']=8, B['<']=1, B['=']=4, B['E']=1, B['F']=1, B['L']=1, B['T']=1, B['W']=1, B['_']=1, B['a']=11, B['b']=2, B['c']=3, B['e']=7, B['f']=8, B['g']=1, B['h']=1, B['i']=15, B['l']=4, B['m']=4, B['n']=14, B['o']=1, B['p']=3, B['r']=6, B['s']=3, B['t']=8, B['u']=2, B['w']=1, B['x']=2, B['{']=2, B['}']=1, 
Number of errors: 0

Printing buffer contents:

/* Lana Example 4: 
   Testing numbers (ex: factorial) */
lana_int main() {
     int i, n, f;
     f=1;
     i=1;
     printf("Write a number:");
     scanf(n);
     while (i<n){
            f = f * i;
            i = i + 1;
     };
     printf("Fact