/*
************************************************************
* COMPILERS COURSE - Algonquin College
* Code version: Fall, 2023
* Author: Yijia Xu 041061204
* Professors: Paulo Sousa
************************************************************
=---------------------------------------=
|  COMPILERS - ALGONQUIN COLLEGE (F23)  |
=---------------------------------------=

_|          _|_|    _|      _|    _|_|
_|        _|    _|  _|_|    _|  _|    _|
_|        _|_|_|_|  _|  _|  _|  _|_|_|_|
_|        _|    _|  _|    _|_|  _|    _|
_|_|_|_|  _|    _|  _|      _|  _|    _|
*/

[Option 'r': Starting READER .....]

Reading file INPUT0_Empty.lan ....Please wait

Printing buffer parameters:

The capacity of the buffer is:  250
The current size of the buffer is:  0
The operational mode of the buffer is: f
The increment factor of the buffer is:  0
The first symbol in the buffer is:   
The value of the flags field is: 02
Reader statistics : 

Number of errors: 0

Printing buffer contents:

Empty buffer
