/*
************************************************************
* COMPILERS COURSE - Algonquin College
* Code version: Fall, 2023
* Author: Yijia Xu 041061204
* Professors: Paulo Sousa
************************************************************
=---------------------------------------=
|  COMPILERS - ALGONQUIN COLLEGE (F23)  |
=---------------------------------------=

_|          _|_|    _|      _|    _|_|
_|        _|    _|  _|_|    _|  _|    _|
_|        _|_|_|_|  _|  _|  _|  _|_|_|_|
_|        _|    _|  _|    _|_|  _|    _|
_|_|_|_|  _|    _|  _|      _|  _|    _|
*/

[Option 's': Starting SCANNER ....]

[Debug mode: 0]
Reading file INPUT0_Empty.lan ....Please wait

Scanning source file...

Token		Attribute
----------------------------------
SEOF_T		0	

Printing string table...
----------------------------------

----------------------------------
Statistics:
----------------------------------
Token[SEOF_T]=1
----------------------------------
